mode: set
github.com/twistingmercury/go-datadog/ddlog.go:41.41,44.16 3 0
github.com/twistingmercury/go-datadog/ddlog.go:47.2,55.33 3 0
github.com/twistingmercury/go-datadog/ddlog.go:59.2,67.8 8 0
github.com/twistingmercury/go-datadog/ddlog.go:44.16,46.3 1 0
github.com/twistingmercury/go-datadog/ddlog.go:55.33,57.3 1 0
github.com/twistingmercury/go-datadog/ddlog.go:71.13,73.2 1 0
github.com/twistingmercury/go-datadog/ddlog.go:75.34,82.2 1 0
github.com/twistingmercury/go-datadog/ddlog.go:85.33,87.2 1 0
github.com/twistingmercury/go-datadog/ddlog.go:90.32,92.2 1 0
github.com/twistingmercury/go-datadog/ddlog.go:95.33,97.2 1 0
github.com/twistingmercury/go-datadog/ddlog.go:110.23,110.38 1 0
github.com/twistingmercury/go-datadog/ddlog.go:113.17,113.32 1 0
github.com/twistingmercury/go-datadog/ddlog.go:116.22,116.39 1 0
github.com/twistingmercury/go-datadog/ddlog.go:119.72,138.2 11 0
github.com/twistingmercury/go-datadog/ddlog.go:145.62,149.2 3 0
github.com/twistingmercury/go-datadog/ddlog.go:151.47,152.6 1 0
github.com/twistingmercury/go-datadog/ddlog.go:152.6,153.10 1 0
github.com/twistingmercury/go-datadog/ddlog.go:154.21,156.65 2 0
github.com/twistingmercury/go-datadog/ddlog.go:156.65,158.5 1 0
github.com/twistingmercury/go-datadog/ddlog.go:163.32,166.2 2 0
github.com/twistingmercury/go-datadog/ddlog.go:168.30,171.2 2 0
github.com/twistingmercury/go-datadog/ddlog.go:173.28,174.6 1 0
github.com/twistingmercury/go-datadog/ddlog.go:174.6,175.10 1 0
github.com/twistingmercury/go-datadog/ddlog.go:176.16,177.16 1 0
github.com/twistingmercury/go-datadog/ddlog.go:182.19,184.15 2 0
github.com/twistingmercury/go-datadog/ddlog.go:194.2,194.37 1 0
github.com/twistingmercury/go-datadog/ddlog.go:184.15,185.16 1 0
github.com/twistingmercury/go-datadog/ddlog.go:191.3,191.25 1 0
github.com/twistingmercury/go-datadog/ddlog.go:185.16,186.36 1 0
github.com/twistingmercury/go-datadog/ddlog.go:186.36,188.5 1 0
github.com/twistingmercury/go-datadog/ddlog.go:194.37,196.15 2 0
github.com/twistingmercury/go-datadog/ddlog.go:200.3,208.17 4 0
github.com/twistingmercury/go-datadog/ddlog.go:213.3,214.10 2 0
github.com/twistingmercury/go-datadog/ddlog.go:196.15,197.12 1 0
github.com/twistingmercury/go-datadog/ddlog.go:208.17,210.9 2 0
github.com/twistingmercury/go-datadog/ddlog.go:215.50,216.43 1 0
github.com/twistingmercury/go-datadog/ddlog.go:217.28,218.38 1 0
github.com/twistingmercury/go-datadog/ddlog.go:219.11,221.20 2 0
github.com/twistingmercury/go-datadog/middleware.go:22.32,23.30 1 0
github.com/twistingmercury/go-datadog/middleware.go:23.30,31.50 3 0
github.com/twistingmercury/go-datadog/middleware.go:42.3,42.11 1 0
github.com/twistingmercury/go-datadog/middleware.go:31.50,34.36 3 0
github.com/twistingmercury/go-datadog/middleware.go:34.36,37.5 2 0
github.com/twistingmercury/go-datadog/middleware.go:37.10,40.5 2 0
github.com/twistingmercury/go-datadog/middleware.go:46.84,64.2 3 0
